Build started 9/29/2015 7:11:24 PM.
     1>Project "C:\Users\benb0_000\Documents\GitHub\SteerLite\steertool\build\win32\steertool.vcxproj" on node 2 (Build target(s)).
     1>ClCompile:
         C:\Program Files (x86)\Microsoft Visual Studio 14.0\VC\bin\x86_amd64\CL.exe /c /I..\..\..\util\include /I..\..\include /I..\..\..\steerlib\include /I..\..\..\external\ /Zi /nologo /W3 /WX- /MP /O2 /Oi /Ot /GL /D ENABLE_GUI /D _MBCS /Gm- /EHsc /MD /GS /Gy /arch:SSE2 /fp:fast /Zc:wchar_t /Zc:forScope /Zc:inline /GR /Fo"Release\\" /Fd"Release\vc140.pdb" /Gd /TP /errorReport:prompt ..\..\src\Main.cpp ..\..\src\UnitTest.cpp
     1>cl : Command line warning D9002: ignoring unknown option '/arch:SSE2'
     1>cl : Command line warning D9002: ignoring unknown option '/arch:SSE2'
         Main.cpp
     1>cl : Command line warning D9002: ignoring unknown option '/arch:SSE2'
         UnitTest.cpp
     1>c:\users\benb0_000\documents\github\steerlite\util\include\UtilGlobals.h(17): warning C4005: 'UTIL_API': macro redefinition (compiling source file ..\..\src\Main.cpp)
         c:\users\benb0_000\documents\github\steerlite\steerlib\include\Globals.h(22): note: see previous definition of 'UTIL_API' (compiling source file ..\..\src\Main.cpp)
     1>c:\users\benb0_000\documents\github\steerlite\util\include\UtilGlobals.h(17): warning C4005: 'UTIL_API': macro redefinition (compiling source file ..\..\src\UnitTest.cpp)
         c:\users\benb0_000\documents\github\steerlite\steerlib\include\Globals.h(22): note: see previous definition of 'UTIL_API' (compiling source file ..\..\src\UnitTest.cpp)
     1>c:\users\benb0_000\documents\github\steerlite\util\include\LogObject.h(85): warning C4267: 'argument': conversion from 'size_t' to 'unsigned int', possible loss of data (compiling source file ..\..\src\Main.cpp)
     1>c:\users\benb0_000\documents\github\steerlite\util\include\LogObject.h(85): warning C4267: 'argument': conversion from 'size_t' to 'unsigned int', possible loss of data (compiling source file ..\..\src\UnitTest.cpp)
       Link:
         C:\Program Files (x86)\Microsoft Visual Studio 14.0\VC\bin\x86_amd64\link.exe /ERRORREPORT:PROMPT /OUT:"C:\Users\benb0_000\Documents\GitHub\SteerLite\build\win32\Release\steertool.exe" /INCREMENTAL:NO /NOLOGO /LIBPATH:C:\Users\benb0_000\Documents\GitHub\SteerLite\build\win32\Release\ util.lib steerlib.lib kernel32.lib user32.lib gdi32.lib winspool.lib comdlg32.lib advapi32.lib shell32.lib ole32.lib oleaut32.lib uuid.lib odbc32.lib odbccp32.lib /MANIFEST /MANIFESTUAC:"level='asInvoker' uiAccess='false'" /manifest:embed /PDB:"C:\Users\benb0_000\Documents\GitHub\SteerLite\build\win32\Release\steertool.pdb" /OPT:REF /OPT:ICF /LTCG:incremental /TLBID:1 /DYNAMICBASE /NXCOMPAT /IMPLIB:"C:\Users\benb0_000\Documents\GitHub\SteerLite\build\win32\Release\steertool.lib" /MACHINE:X64 Release\Main.obj
         Release\UnitTest.obj
            Creating library C:\Users\benb0_000\Documents\GitHub\SteerLite\build\win32\Release\steertool.lib and object C:\Users\benb0_000\Documents\GitHub\SteerLite\build\win32\Release\steertool.exp
         Generating code
         All 873 functions were compiled because no usable IPDB/IOBJ from previous compilation was found.
         Finished generating code
         steertool.vcxproj -> C:\Users\benb0_000\Documents\GitHub\SteerLite\build\win32\Release\steertool.exe
     1>Done Building Project "C:\Users\benb0_000\Documents\GitHub\SteerLite\steertool\build\win32\steertool.vcxproj" (Build target(s)).

Build succeeded.

Time Elapsed 00:00:10.22
